@2025:12:22 23:50:24 INFO  org.eclipse.jetty.server.Server - jetty-11.0.26; built: 2025-08-14T18:03:14.457Z; git: 7559873b6e46eea7c2c6da2b58327ea2ecf941f4; jvm 21.0.7+6-Ubuntu-0ubuntu122.04
@2025:12:22 23:50:24 INFO  org.eclipse.jetty.server.handler.ContextHandler.ROOT - Initializing Spring DispatcherServlet 'org.springframework.web.servlet.DispatcherServlet-7ea9e1e2'
@2025:12:22 23:50:24 INFO  org.springframework.web.servlet.DispatcherServlet - Initializing Servlet 'org.springframework.web.servlet.DispatcherServlet-7ea9e1e2'
@2025:12:22 23:50:25 INFO  org.springframework.data.repository.config.RepositoryConfigurationDelegate - Bootstrapping Spring Data JPA repositories in DEFAULT mode.
@2025:12:22 23:50:25 INFO  org.springframework.data.repository.config.RepositoryConfigurationDelegate - Finished Spring Data repository scanning in 149 ms. Found 3 JPA repository interfaces.
@2025:12:22 23:50:26 INFO  org.hibernate.jpa.internal.util.LogHelper - HHH000204: Processing PersistenceUnitInfo [name: default]
@2025:12:22 23:50:26 INFO  org.hibernate.Version - HHH000412: Hibernate ORM core version 7.0.0.Final
@2025:12:22 23:50:27 INFO  org.springframework.orm.jpa.persistenceunit.SpringPersistenceUnitInfo - No LoadTimeWeaver setup: ignoring JPA class transformer
@2025:12:22 23:50:28 WARN  org.hibernate.orm.deprecation - HHH90000025: PostgreSQLDialect does not need to be specified explicitly using 'hibernate.dialect' (remove the property setting and it will be selected by default)
@2025:12:22 23:50:28 INFO  org.hibernate.orm.connections.pooling - HHH10001005: Database info:
	Database JDBC URL [jdbc:postgresql://localhost:5432/shop]
	Database driver: PostgreSQL JDBC Driver
	Database version: 14.18
	Autocommit mode: undefined/unknown
	Isolation level: READ_COMMITTED [default READ_COMMITTED]
	Pool: DatasourceConnectionProviderImpl
	Minimum pool size: undefined/unknown
	Maximum pool size: undefined/unknown
@2025:12:22 23:50:29 INFO  org.hibernate.engine.transaction.jta.platform.internal.JtaPlatformInitiator - HHH000489: No JTA platform available (set 'hibernate.transaction.jta.platform' to enable JTA platform integration)
@2025:12:22 23:50:29 INFO  org.springframework.orm.jpa.LocalContainerEntityManagerFactoryBean - Initialized JPA EntityManagerFactory for persistence unit 'default'
@2025:12:22 23:50:30 INFO  org.springframework.security.config.annotation.authentication.configuration.InitializeUserDetailsBeanManagerConfigurer$InitializeUserDetailsManagerConfigurer - Global AuthenticationManager configured with UserDetailsService bean with name customUserDetailsService
@2025:12:22 23:50:30 INFO  org.springframework.data.jpa.repository.query.QueryEnhancerFactory - Hibernate is in classpath; If applicable, HQL parser will be used.
@2025:12:22 23:50:32 INFO  org.flywaydb.core.FlywayExecutor - Database: jdbc:postgresql://localhost:5432/shop (PostgreSQL 14.18)
@2025:12:22 23:50:32 INFO  org.flywaydb.core.internal.command.DbValidate - Successfully validated 3 migrations (execution time 00:00.033s)
@2025:12:22 23:50:32 INFO  org.flywaydb.core.internal.command.DbMigrate - Current version of schema "public": 1.1759429398
@2025:12:22 23:50:32 ERROR org.flywaydb.core.internal.command.DbMigrate - Schema "public" has version 1.1759429398, but no migration could be resolved in the configured locations !
@2025:12:22 23:50:32 INFO  org.flywaydb.core.internal.command.DbMigrate - Schema "public" is up to date. No migration necessary.
@2025:12:22 23:50:32 INFO  org.springframework.web.servlet.DispatcherServlet - Completed initialization in 7544 ms
@2025:12:22 23:50:32 INFO  org.eclipse.jetty.server.handler.ContextHandler - Started o.e.j.s.ServletContextHandler@70882cb7{/,null,AVAILABLE}
@2025:12:22 23:50:32 INFO  org.eclipse.jetty.server.AbstractConnector - Started ServerConnector@38d8f54a{HTTP/1.1, (http/1.1)}{0.0.0.0:8080}
@2025:12:22 23:50:32 INFO  org.eclipse.jetty.server.Server - Started Server@3bf9ce3e{STARTING}[11.0.26,sto=0] @9989ms
@2025:12:22 23:50:51 INFO  shop.log.UserActionLoggingAspect - Пользователь зарегистрирован: silvia
@2025:12:22 23:51:07 INFO  shop.log.UserActionLoggingAspect - Пользователь зарегистрирован: silvia
