@2025:12:27 00:39:17 INFO  org.springframework.data.repository.config.RepositoryConfigurationDelegate - Bootstrapping Spring Data JPA repositories in DEFAULT mode.
@2025:12:27 00:39:17 INFO  org.springframework.data.repository.config.RepositoryConfigurationDelegate - Finished Spring Data repository scanning in 88 ms. Found 3 JPA repository interfaces.
@2025:12:27 00:39:20 INFO  org.hibernate.jpa.internal.util.LogHelper - HHH000204: Processing PersistenceUnitInfo [name: default]
@2025:12:27 00:39:20 INFO  org.hibernate.Version - HHH000412: Hibernate ORM core version 7.0.0.Final
@2025:12:27 00:39:20 INFO  org.springframework.orm.jpa.persistenceunit.SpringPersistenceUnitInfo - No LoadTimeWeaver setup: ignoring JPA class transformer
@2025:12:27 00:39:21 WARN  org.hibernate.orm.deprecation - HHH90000025: PostgreSQLDialect does not need to be specified explicitly using 'hibernate.dialect' (remove the property setting and it will be selected by default)
@2025:12:27 00:39:22 INFO  org.hibernate.orm.connections.pooling - HHH10001005: Database info:
	Database JDBC URL [jdbc:postgresql://localhost:5432/shop]
	Database driver: PostgreSQL JDBC Driver
	Database version: 14.18
	Autocommit mode: undefined/unknown
	Isolation level: READ_COMMITTED [default READ_COMMITTED]
	Pool: DatasourceConnectionProviderImpl
	Minimum pool size: undefined/unknown
	Maximum pool size: undefined/unknown
@2025:12:27 00:39:26 INFO  org.hibernate.engine.transaction.jta.platform.internal.JtaPlatformInitiator - HHH000489: No JTA platform available (set 'hibernate.transaction.jta.platform' to enable JTA platform integration)
@2025:12:27 00:39:27 INFO  org.springframework.orm.jpa.LocalContainerEntityManagerFactoryBean - Initialized JPA EntityManagerFactory for persistence unit 'default'
@2025:12:27 00:39:28 INFO  org.springframework.data.jpa.repository.query.QueryEnhancerFactory - Hibernate is in classpath; If applicable, HQL parser will be used.
@2025:12:27 00:39:30 INFO  org.flywaydb.core.internal.resource.ResourceNameValidator - 3 SQL migrations were detected but not run because they did not follow the filename convention.
@2025:12:27 00:39:30 INFO  org.flywaydb.core.internal.resource.ResourceNameValidator - Set 'validateMigrationNaming' to true to fail fast and see a list of the invalid file names.
@2025:12:27 00:39:30 INFO  org.flywaydb.core.FlywayExecutor - Database: jdbc:postgresql://localhost:5432/shop (PostgreSQL 14.18)
@2025:12:27 00:39:30 INFO  org.flywaydb.core.internal.command.DbValidate - Successfully validated 3 migrations (execution time 00:00.033s)
@2025:12:27 00:39:30 INFO  org.flywaydb.core.internal.command.DbMigrate - Current version of schema "public": 1.1759429398
@2025:12:27 00:39:30 ERROR org.flywaydb.core.internal.command.DbMigrate - Schema "public" has version 1.1759429398, but no migration could be resolved in the configured locations !
@2025:12:27 00:39:30 INFO  org.flywaydb.core.internal.command.DbMigrate - Schema "public" is up to date. No migration necessary.
@2025:12:27 00:39:30 INFO  org.springframework.orm.jpa.LocalContainerEntityManagerFactoryBean - Closing JPA EntityManagerFactory for persistence unit 'default'
@2025:12:27 00:41:04 INFO  org.springframework.data.repository.config.RepositoryConfigurationDelegate - Bootstrapping Spring Data JPA repositories in DEFAULT mode.
@2025:12:27 00:41:04 INFO  org.springframework.data.repository.config.RepositoryConfigurationDelegate - Finished Spring Data repository scanning in 59 ms. Found 3 JPA repository interfaces.
@2025:12:27 00:41:07 INFO  org.hibernate.jpa.internal.util.LogHelper - HHH000204: Processing PersistenceUnitInfo [name: default]
@2025:12:27 00:41:07 INFO  org.hibernate.Version - HHH000412: Hibernate ORM core version 7.0.0.Final
@2025:12:27 00:41:07 INFO  org.springframework.orm.jpa.persistenceunit.SpringPersistenceUnitInfo - No LoadTimeWeaver setup: ignoring JPA class transformer
@2025:12:27 00:41:08 WARN  org.hibernate.orm.deprecation - HHH90000025: PostgreSQLDialect does not need to be specified explicitly using 'hibernate.dialect' (remove the property setting and it will be selected by default)
@2025:12:27 00:41:08 INFO  org.hibernate.orm.connections.pooling - HHH10001005: Database info:
	Database JDBC URL [jdbc:postgresql://localhost:5432/shop]
	Database driver: PostgreSQL JDBC Driver
	Database version: 14.18
	Autocommit mode: undefined/unknown
	Isolation level: READ_COMMITTED [default READ_COMMITTED]
	Pool: DatasourceConnectionProviderImpl
	Minimum pool size: undefined/unknown
	Maximum pool size: undefined/unknown
@2025:12:27 00:41:09 INFO  org.hibernate.engine.transaction.jta.platform.internal.JtaPlatformInitiator - HHH000489: No JTA platform available (set 'hibernate.transaction.jta.platform' to enable JTA platform integration)
@2025:12:27 00:41:09 INFO  org.springframework.orm.jpa.LocalContainerEntityManagerFactoryBean - Initialized JPA EntityManagerFactory for persistence unit 'default'
@2025:12:27 00:41:10 INFO  org.springframework.data.jpa.repository.query.QueryEnhancerFactory - Hibernate is in classpath; If applicable, HQL parser will be used.
@2025:12:27 00:41:11 INFO  org.flywaydb.core.internal.resource.ResourceNameValidator - 3 SQL migrations were detected but not run because they did not follow the filename convention.
@2025:12:27 00:41:11 INFO  org.flywaydb.core.internal.resource.ResourceNameValidator - Set 'validateMigrationNaming' to true to fail fast and see a list of the invalid file names.
@2025:12:27 00:41:11 INFO  org.flywaydb.core.FlywayExecutor - Database: jdbc:postgresql://localhost:5432/shop (PostgreSQL 14.18)
@2025:12:27 00:41:11 INFO  org.flywaydb.core.internal.command.DbValidate - Successfully validated 3 migrations (execution time 00:00.029s)
@2025:12:27 00:41:11 INFO  org.flywaydb.core.internal.command.DbMigrate - Current version of schema "public": 1.1759429398
@2025:12:27 00:41:11 ERROR org.flywaydb.core.internal.command.DbMigrate - Schema "public" has version 1.1759429398, but no migration could be resolved in the configured locations !
@2025:12:27 00:41:11 INFO  org.flywaydb.core.internal.command.DbMigrate - Schema "public" is up to date. No migration necessary.
@2025:12:27 00:41:11 INFO  org.springframework.orm.jpa.LocalContainerEntityManagerFactoryBean - Closing JPA EntityManagerFactory for persistence unit 'default'
@2025:12:27 00:41:52 INFO  org.springframework.data.repository.config.RepositoryConfigurationDelegate - Bootstrapping Spring Data JPA repositories in DEFAULT mode.
@2025:12:27 00:41:52 INFO  org.springframework.data.repository.config.RepositoryConfigurationDelegate - Finished Spring Data repository scanning in 76 ms. Found 3 JPA repository interfaces.
@2025:12:27 00:41:55 INFO  org.hibernate.jpa.internal.util.LogHelper - HHH000204: Processing PersistenceUnitInfo [name: default]
@2025:12:27 00:41:55 INFO  org.hibernate.Version - HHH000412: Hibernate ORM core version 7.0.0.Final
@2025:12:27 00:41:55 INFO  org.springframework.orm.jpa.persistenceunit.SpringPersistenceUnitInfo - No LoadTimeWeaver setup: ignoring JPA class transformer
@2025:12:27 00:41:56 WARN  org.hibernate.orm.deprecation - HHH90000025: PostgreSQLDialect does not need to be specified explicitly using 'hibernate.dialect' (remove the property setting and it will be selected by default)
@2025:12:27 00:41:56 INFO  org.hibernate.orm.connections.pooling - HHH10001005: Database info:
	Database JDBC URL [jdbc:postgresql://localhost:5432/shop]
	Database driver: PostgreSQL JDBC Driver
	Database version: 14.18
	Autocommit mode: undefined/unknown
	Isolation level: READ_COMMITTED [default READ_COMMITTED]
	Pool: DatasourceConnectionProviderImpl
	Minimum pool size: undefined/unknown
	Maximum pool size: undefined/unknown
@2025:12:27 00:41:59 INFO  org.hibernate.engine.transaction.jta.platform.internal.JtaPlatformInitiator - HHH000489: No JTA platform available (set 'hibernate.transaction.jta.platform' to enable JTA platform integration)
@2025:12:27 00:41:59 INFO  org.springframework.orm.jpa.LocalContainerEntityManagerFactoryBean - Initialized JPA EntityManagerFactory for persistence unit 'default'
@2025:12:27 00:42:00 INFO  org.springframework.data.jpa.repository.query.QueryEnhancerFactory - Hibernate is in classpath; If applicable, HQL parser will be used.
@2025:12:27 00:42:01 INFO  org.flywaydb.core.internal.resource.ResourceNameValidator - 3 SQL migrations were detected but not run because they did not follow the filename convention.
@2025:12:27 00:42:01 INFO  org.flywaydb.core.internal.resource.ResourceNameValidator - Set 'validateMigrationNaming' to true to fail fast and see a list of the invalid file names.
@2025:12:27 00:42:01 INFO  org.flywaydb.core.FlywayExecutor - Database: jdbc:postgresql://localhost:5432/shop (PostgreSQL 14.18)
@2025:12:27 00:42:02 INFO  org.flywaydb.core.internal.command.DbValidate - Successfully validated 3 migrations (execution time 00:00.125s)
@2025:12:27 00:42:02 INFO  org.flywaydb.core.internal.command.DbMigrate - Current version of schema "public": 1.1759429398
@2025:12:27 00:42:02 ERROR org.flywaydb.core.internal.command.DbMigrate - Schema "public" has version 1.1759429398, but no migration could be resolved in the configured locations !
@2025:12:27 00:42:02 INFO  org.flywaydb.core.internal.command.DbMigrate - Schema "public" is up to date. No migration necessary.
@2025:12:27 00:42:02 INFO  org.springframework.orm.jpa.LocalContainerEntityManagerFactoryBean - Closing JPA EntityManagerFactory for persistence unit 'default'
@2025:12:27 00:42:13 INFO  org.springframework.data.repository.config.RepositoryConfigurationDelegate - Bootstrapping Spring Data JPA repositories in DEFAULT mode.
@2025:12:27 00:42:13 INFO  org.springframework.data.repository.config.RepositoryConfigurationDelegate - Finished Spring Data repository scanning in 66 ms. Found 3 JPA repository interfaces.
@2025:12:27 00:42:16 INFO  org.hibernate.jpa.internal.util.LogHelper - HHH000204: Processing PersistenceUnitInfo [name: default]
@2025:12:27 00:42:16 INFO  org.hibernate.Version - HHH000412: Hibernate ORM core version 7.0.0.Final
@2025:12:27 00:42:17 INFO  org.springframework.orm.jpa.persistenceunit.SpringPersistenceUnitInfo - No LoadTimeWeaver setup: ignoring JPA class transformer
@2025:12:27 00:42:18 WARN  org.hibernate.orm.deprecation - HHH90000025: PostgreSQLDialect does not need to be specified explicitly using 'hibernate.dialect' (remove the property setting and it will be selected by default)
@2025:12:27 00:42:19 INFO  org.hibernate.orm.connections.pooling - HHH10001005: Database info:
	Database JDBC URL [jdbc:postgresql://localhost:5432/shop]
	Database driver: PostgreSQL JDBC Driver
	Database version: 14.18
	Autocommit mode: undefined/unknown
	Isolation level: READ_COMMITTED [default READ_COMMITTED]
	Pool: DatasourceConnectionProviderImpl
	Minimum pool size: undefined/unknown
	Maximum pool size: undefined/unknown
@2025:12:27 00:42:20 INFO  org.hibernate.engine.transaction.jta.platform.internal.JtaPlatformInitiator - HHH000489: No JTA platform available (set 'hibernate.transaction.jta.platform' to enable JTA platform integration)
@2025:12:27 00:42:20 INFO  org.springframework.orm.jpa.LocalContainerEntityManagerFactoryBean - Initialized JPA EntityManagerFactory for persistence unit 'default'
@2025:12:27 00:42:21 INFO  org.springframework.data.jpa.repository.query.QueryEnhancerFactory - Hibernate is in classpath; If applicable, HQL parser will be used.
@2025:12:27 00:42:22 INFO  org.flywaydb.core.internal.resource.ResourceNameValidator - 3 SQL migrations were detected but not run because they did not follow the filename convention.
@2025:12:27 00:42:22 INFO  org.flywaydb.core.internal.resource.ResourceNameValidator - Set 'validateMigrationNaming' to true to fail fast and see a list of the invalid file names.
@2025:12:27 00:42:22 INFO  org.flywaydb.core.FlywayExecutor - Database: jdbc:postgresql://localhost:5432/shop (PostgreSQL 14.18)
@2025:12:27 00:42:22 INFO  org.flywaydb.core.internal.command.DbValidate - Successfully validated 3 migrations (execution time 00:00.030s)
@2025:12:27 00:42:22 INFO  org.flywaydb.core.internal.command.DbMigrate - Current version of schema "public": 1.1759429398
@2025:12:27 00:42:22 ERROR org.flywaydb.core.internal.command.DbMigrate - Schema "public" has version 1.1759429398, but no migration could be resolved in the configured locations !
@2025:12:27 00:42:22 INFO  org.flywaydb.core.internal.command.DbMigrate - Schema "public" is up to date. No migration necessary.
@2025:12:27 00:42:22 INFO  org.springframework.orm.jpa.LocalContainerEntityManagerFactoryBean - Closing JPA EntityManagerFactory for persistence unit 'default'
@2025:12:27 00:42:51 INFO  org.eclipse.jetty.server.Server - jetty-11.0.26; built: 2025-08-14T18:03:14.457Z; git: 7559873b6e46eea7c2c6da2b58327ea2ecf941f4; jvm 21.0.7+6-Ubuntu-0ubuntu122.04
@2025:12:27 00:42:51 INFO  org.eclipse.jetty.server.handler.ContextHandler.ROOT - Initializing Spring DispatcherServlet 'org.springframework.web.servlet.DispatcherServlet-2df9b86'
@2025:12:27 00:42:51 INFO  org.springframework.web.servlet.DispatcherServlet - Initializing Servlet 'org.springframework.web.servlet.DispatcherServlet-2df9b86'
@2025:12:27 00:42:52 INFO  org.springframework.data.repository.config.RepositoryConfigurationDelegate - Bootstrapping Spring Data JPA repositories in DEFAULT mode.
@2025:12:27 00:42:52 INFO  org.springframework.data.repository.config.RepositoryConfigurationDelegate - Finished Spring Data repository scanning in 124 ms. Found 3 JPA repository interfaces.
@2025:12:27 00:42:53 INFO  org.hibernate.jpa.internal.util.LogHelper - HHH000204: Processing PersistenceUnitInfo [name: default]
@2025:12:27 00:42:53 INFO  org.hibernate.Version - HHH000412: Hibernate ORM core version 7.0.0.Final
@2025:12:27 00:42:54 INFO  org.springframework.orm.jpa.persistenceunit.SpringPersistenceUnitInfo - No LoadTimeWeaver setup: ignoring JPA class transformer
@2025:12:27 00:42:55 WARN  org.hibernate.orm.deprecation - HHH90000025: PostgreSQLDialect does not need to be specified explicitly using 'hibernate.dialect' (remove the property setting and it will be selected by default)
@2025:12:27 00:42:55 INFO  org.hibernate.orm.connections.pooling - HHH10001005: Database info:
	Database JDBC URL [jdbc:postgresql://localhost:5432/shop]
	Database driver: PostgreSQL JDBC Driver
	Database version: 14.18
	Autocommit mode: undefined/unknown
	Isolation level: READ_COMMITTED [default READ_COMMITTED]
	Pool: DatasourceConnectionProviderImpl
	Minimum pool size: undefined/unknown
	Maximum pool size: undefined/unknown
@2025:12:27 00:42:57 INFO  org.hibernate.engine.transaction.jta.platform.internal.JtaPlatformInitiator - HHH000489: No JTA platform available (set 'hibernate.transaction.jta.platform' to enable JTA platform integration)
@2025:12:27 00:42:57 INFO  org.springframework.orm.jpa.LocalContainerEntityManagerFactoryBean - Initialized JPA EntityManagerFactory for persistence unit 'default'
@2025:12:27 00:42:58 INFO  org.springframework.security.config.annotation.authentication.configuration.InitializeUserDetailsBeanManagerConfigurer$InitializeUserDetailsManagerConfigurer - Global AuthenticationManager configured with UserDetailsService bean with name customUserDetailsService
@2025:12:27 00:42:58 INFO  org.springframework.data.jpa.repository.query.QueryEnhancerFactory - Hibernate is in classpath; If applicable, HQL parser will be used.
@2025:12:27 00:43:00 INFO  org.flywaydb.core.FlywayExecutor - Database: jdbc:postgresql://localhost:5432/shop (PostgreSQL 14.18)
@2025:12:27 00:43:00 INFO  org.flywaydb.core.internal.command.DbValidate - Successfully validated 3 migrations (execution time 00:00.042s)
@2025:12:27 00:43:00 INFO  org.flywaydb.core.internal.command.DbMigrate - Current version of schema "public": 1.1759429398
@2025:12:27 00:43:00 ERROR org.flywaydb.core.internal.command.DbMigrate - Schema "public" has version 1.1759429398, but no migration could be resolved in the configured locations !
@2025:12:27 00:43:00 INFO  org.flywaydb.core.internal.command.DbMigrate - Schema "public" is up to date. No migration necessary.
@2025:12:27 00:43:01 INFO  org.springframework.web.servlet.DispatcherServlet - Completed initialization in 9182 ms
@2025:12:27 00:43:01 INFO  org.eclipse.jetty.server.handler.ContextHandler - Started o.e.j.s.ServletContextHandler@21c7415e{/,null,AVAILABLE}
@2025:12:27 00:43:01 INFO  org.eclipse.jetty.server.AbstractConnector - Started ServerConnector@42a48628{HTTP/1.1, (http/1.1)}{0.0.0.0:8080}
@2025:12:27 00:43:01 INFO  org.eclipse.jetty.server.Server - Started Server@2a54a73f{STARTING}[11.0.26,sto=0] @11110ms
@2025:12:27 00:43:14 INFO  org.eclipse.jetty.server.Server - jetty-11.0.26; built: 2025-08-14T18:03:14.457Z; git: 7559873b6e46eea7c2c6da2b58327ea2ecf941f4; jvm 21.0.3+9-LTS
@2025:12:27 00:43:53 INFO  org.springframework.data.repository.config.RepositoryConfigurationDelegate - Bootstrapping Spring Data JPA repositories in DEFAULT mode.
@2025:12:27 00:43:53 INFO  org.springframework.data.repository.config.RepositoryConfigurationDelegate - Finished Spring Data repository scanning in 56 ms. Found 3 JPA repository interfaces.
@2025:12:27 00:43:55 INFO  org.hibernate.jpa.internal.util.LogHelper - HHH000204: Processing PersistenceUnitInfo [name: default]
@2025:12:27 00:43:56 INFO  org.hibernate.Version - HHH000412: Hibernate ORM core version 7.0.0.Final
@2025:12:27 00:43:56 INFO  org.springframework.orm.jpa.persistenceunit.SpringPersistenceUnitInfo - No LoadTimeWeaver setup: ignoring JPA class transformer
@2025:12:27 00:43:57 WARN  org.hibernate.orm.deprecation - HHH90000025: PostgreSQLDialect does not need to be specified explicitly using 'hibernate.dialect' (remove the property setting and it will be selected by default)
@2025:12:27 00:43:57 INFO  org.hibernate.orm.connections.pooling - HHH10001005: Database info:
	Database JDBC URL [jdbc:postgresql://localhost:5432/shop]
	Database driver: PostgreSQL JDBC Driver
	Database version: 14.18
	Autocommit mode: undefined/unknown
	Isolation level: READ_COMMITTED [default READ_COMMITTED]
	Pool: DatasourceConnectionProviderImpl
	Minimum pool size: undefined/unknown
	Maximum pool size: undefined/unknown
@2025:12:27 00:43:58 INFO  org.hibernate.engine.transaction.jta.platform.internal.JtaPlatformInitiator - HHH000489: No JTA platform available (set 'hibernate.transaction.jta.platform' to enable JTA platform integration)
@2025:12:27 00:43:59 INFO  org.springframework.orm.jpa.LocalContainerEntityManagerFactoryBean - Initialized JPA EntityManagerFactory for persistence unit 'default'
@2025:12:27 00:43:59 INFO  org.springframework.data.jpa.repository.query.QueryEnhancerFactory - Hibernate is in classpath; If applicable, HQL parser will be used.
@2025:12:27 00:44:00 INFO  org.flywaydb.core.internal.resource.ResourceNameValidator - 3 SQL migrations were detected but not run because they did not follow the filename convention.
@2025:12:27 00:44:00 INFO  org.flywaydb.core.internal.resource.ResourceNameValidator - Set 'validateMigrationNaming' to true to fail fast and see a list of the invalid file names.
@2025:12:27 00:44:00 INFO  org.flywaydb.core.FlywayExecutor - Database: jdbc:postgresql://localhost:5432/shop (PostgreSQL 14.18)
@2025:12:27 00:44:00 INFO  org.flywaydb.core.internal.command.DbValidate - Successfully validated 3 migrations (execution time 00:00.039s)
@2025:12:27 00:44:00 INFO  org.flywaydb.core.internal.command.DbMigrate - Current version of schema "public": 1.1759429398
@2025:12:27 00:44:00 ERROR org.flywaydb.core.internal.command.DbMigrate - Schema "public" has version 1.1759429398, but no migration could be resolved in the configured locations !
@2025:12:27 00:44:00 INFO  org.flywaydb.core.internal.command.DbMigrate - Schema "public" is up to date. No migration necessary.
@2025:12:27 00:44:01 INFO  org.springframework.orm.jpa.LocalContainerEntityManagerFactoryBean - Closing JPA EntityManagerFactory for persistence unit 'default'
@2025:12:27 00:44:27 INFO  org.eclipse.jetty.server.Server - jetty-11.0.26; built: 2025-08-14T18:03:14.457Z; git: 7559873b6e46eea7c2c6da2b58327ea2ecf941f4; jvm 21.0.3+9-LTS
@2025:12:27 00:46:06 INFO  org.eclipse.jetty.server.Server - jetty-11.0.26; built: 2025-08-14T18:03:14.457Z; git: 7559873b6e46eea7c2c6da2b58327ea2ecf941f4; jvm 21.0.3+9-LTS
@2025:12:27 00:46:07 INFO  org.eclipse.jetty.server.handler.ContextHandler.ROOT - Initializing Spring DispatcherServlet 'org.springframework.web.servlet.DispatcherServlet-4e08711f'
@2025:12:27 00:46:07 INFO  org.springframework.web.servlet.DispatcherServlet - Initializing Servlet 'org.springframework.web.servlet.DispatcherServlet-4e08711f'
@2025:12:27 00:46:07 INFO  org.springframework.data.repository.config.RepositoryConfigurationDelegate - Bootstrapping Spring Data JPA repositories in DEFAULT mode.
@2025:12:27 00:46:08 INFO  org.springframework.data.repository.config.RepositoryConfigurationDelegate - Finished Spring Data repository scanning in 72 ms. Found 3 JPA repository interfaces.
@2025:12:27 00:46:08 INFO  org.hibernate.jpa.internal.util.LogHelper - HHH000204: Processing PersistenceUnitInfo [name: default]
@2025:12:27 00:46:08 INFO  org.hibernate.Version - HHH000412: Hibernate ORM core version [WORKING]
@2025:12:27 00:46:09 INFO  org.springframework.orm.jpa.persistenceunit.SpringPersistenceUnitInfo - No LoadTimeWeaver setup: ignoring JPA class transformer
@2025:12:27 00:46:10 WARN  org.hibernate.orm.deprecation - HHH90000025: PostgreSQLDialect does not need to be specified explicitly using 'hibernate.dialect' (remove the property setting and it will be selected by default)
@2025:12:27 00:46:10 INFO  org.hibernate.orm.connections.pooling - HHH10001005: Database info:
	Database JDBC URL [jdbc:postgresql://localhost:5432/shop]
	Database driver: PostgreSQL JDBC Driver
	Database version: 14.18
	Autocommit mode: undefined/unknown
	Isolation level: READ_COMMITTED [default READ_COMMITTED]
	Pool: DatasourceConnectionProviderImpl
	Minimum pool size: undefined/unknown
	Maximum pool size: undefined/unknown
@2025:12:27 00:46:11 INFO  org.hibernate.engine.transaction.jta.platform.internal.JtaPlatformInitiator - HHH000489: No JTA platform available (set 'hibernate.transaction.jta.platform' to enable JTA platform integration)
@2025:12:27 00:46:12 INFO  org.springframework.orm.jpa.LocalContainerEntityManagerFactoryBean - Initialized JPA EntityManagerFactory for persistence unit 'default'
@2025:12:27 00:46:12 INFO  org.springframework.security.config.annotation.authentication.configuration.InitializeUserDetailsBeanManagerConfigurer$InitializeUserDetailsManagerConfigurer - Global AuthenticationManager configured with UserDetailsService bean with name customUserDetailsService
@2025:12:27 00:46:13 INFO  org.springframework.data.jpa.repository.query.QueryEnhancerFactory - Hibernate is in classpath; If applicable, HQL parser will be used.
@2025:12:27 00:46:14 INFO  org.flywaydb.core.FlywayExecutor - Database: jdbc:postgresql://localhost:5432/shop (PostgreSQL 14.18)
@2025:12:27 00:46:14 INFO  org.flywaydb.core.internal.command.DbValidate - Successfully validated 3 migrations (execution time 00:00.030s)
@2025:12:27 00:46:14 INFO  org.flywaydb.core.internal.command.DbMigrate - Current version of schema "public": 1.1759429398
@2025:12:27 00:46:14 ERROR org.flywaydb.core.internal.command.DbMigrate - Schema "public" has version 1.1759429398, but no migration could be resolved in the configured locations !
@2025:12:27 00:46:14 INFO  org.flywaydb.core.internal.command.DbMigrate - Schema "public" is up to date. No migration necessary.
@2025:12:27 00:46:14 INFO  org.springframework.web.servlet.DispatcherServlet - Completed initialization in 7640 ms
@2025:12:27 00:46:14 INFO  org.eclipse.jetty.server.handler.ContextHandler - Started o.e.j.s.ServletContextHandler@a824f87{/,null,AVAILABLE}
@2025:12:27 00:46:14 INFO  org.eclipse.jetty.server.AbstractConnector - Started ServerConnector@419c5f1a{HTTP/1.1, (http/1.1)}{0.0.0.0:8080}
@2025:12:27 00:46:14 INFO  org.eclipse.jetty.server.Server - Started Server@7bedc48a{STARTING}[11.0.26,sto=0] @9863ms
@2025:12:27 00:46:43 INFO  shop.log.UserActionLoggingAspect - Пользователь зарегистрирался: silvia
@2025:12:27 01:13:42 INFO  org.springframework.data.repository.config.RepositoryConfigurationDelegate - Bootstrapping Spring Data JPA repositories in DEFAULT mode.
@2025:12:27 01:13:42 INFO  org.springframework.data.repository.config.RepositoryConfigurationDelegate - Finished Spring Data repository scanning in 64 ms. Found 3 JPA repository interfaces.
@2025:12:27 01:13:45 INFO  org.hibernate.jpa.internal.util.LogHelper - HHH000204: Processing PersistenceUnitInfo [name: default]
@2025:12:27 01:13:45 INFO  org.hibernate.Version - HHH000412: Hibernate ORM core version 7.0.0.Final
@2025:12:27 01:13:45 INFO  org.springframework.orm.jpa.persistenceunit.SpringPersistenceUnitInfo - No LoadTimeWeaver setup: ignoring JPA class transformer
@2025:12:27 01:13:46 WARN  org.hibernate.orm.deprecation - HHH90000025: PostgreSQLDialect does not need to be specified explicitly using 'hibernate.dialect' (remove the property setting and it will be selected by default)
@2025:12:27 01:13:46 INFO  org.hibernate.orm.connections.pooling - HHH10001005: Database info:
	Database JDBC URL [jdbc:postgresql://localhost:5432/shop]
	Database driver: PostgreSQL JDBC Driver
	Database version: 14.18
	Autocommit mode: undefined/unknown
	Isolation level: READ_COMMITTED [default READ_COMMITTED]
	Pool: DatasourceConnectionProviderImpl
	Minimum pool size: undefined/unknown
	Maximum pool size: undefined/unknown
@2025:12:27 01:13:48 INFO  org.hibernate.engine.transaction.jta.platform.internal.JtaPlatformInitiator - HHH000489: No JTA platform available (set 'hibernate.transaction.jta.platform' to enable JTA platform integration)
@2025:12:27 01:13:48 INFO  org.springframework.orm.jpa.LocalContainerEntityManagerFactoryBean - Initialized JPA EntityManagerFactory for persistence unit 'default'
@2025:12:27 01:13:49 INFO  org.springframework.data.jpa.repository.query.QueryEnhancerFactory - Hibernate is in classpath; If applicable, HQL parser will be used.
@2025:12:27 01:13:50 INFO  org.flywaydb.core.internal.resource.ResourceNameValidator - 3 SQL migrations were detected but not run because they did not follow the filename convention.
@2025:12:27 01:13:50 INFO  org.flywaydb.core.internal.resource.ResourceNameValidator - Set 'validateMigrationNaming' to true to fail fast and see a list of the invalid file names.
@2025:12:27 01:13:50 INFO  org.flywaydb.core.FlywayExecutor - Database: jdbc:postgresql://localhost:5432/shop (PostgreSQL 14.18)
@2025:12:27 01:13:50 INFO  org.flywaydb.core.internal.command.DbValidate - Successfully validated 3 migrations (execution time 00:00.035s)
@2025:12:27 01:13:50 INFO  org.flywaydb.core.internal.command.DbMigrate - Current version of schema "public": 1.1759429398
@2025:12:27 01:13:50 ERROR org.flywaydb.core.internal.command.DbMigrate - Schema "public" has version 1.1759429398, but no migration could be resolved in the configured locations !
@2025:12:27 01:13:50 INFO  org.flywaydb.core.internal.command.DbMigrate - Schema "public" is up to date. No migration necessary.
@2025:12:27 01:13:50 INFO  org.springframework.orm.jpa.LocalContainerEntityManagerFactoryBean - Closing JPA EntityManagerFactory for persistence unit 'default'
@2025:12:27 01:15:25 INFO  org.eclipse.jetty.server.Server - jetty-11.0.26; built: 2025-08-14T18:03:14.457Z; git: 7559873b6e46eea7c2c6da2b58327ea2ecf941f4; jvm 21.0.3+9-LTS
@2025:12:27 01:15:25 INFO  org.eclipse.jetty.server.handler.ContextHandler.ROOT - Initializing Spring DispatcherServlet 'org.springframework.web.servlet.DispatcherServlet-4e08711f'
@2025:12:27 01:15:25 INFO  org.springframework.web.servlet.DispatcherServlet - Initializing Servlet 'org.springframework.web.servlet.DispatcherServlet-4e08711f'
@2025:12:27 01:15:26 INFO  org.springframework.data.repository.config.RepositoryConfigurationDelegate - Bootstrapping Spring Data JPA repositories in DEFAULT mode.
@2025:12:27 01:15:26 INFO  org.springframework.data.repository.config.RepositoryConfigurationDelegate - Finished Spring Data repository scanning in 82 ms. Found 3 JPA repository interfaces.
@2025:12:27 01:15:27 INFO  org.hibernate.jpa.internal.util.LogHelper - HHH000204: Processing PersistenceUnitInfo [name: default]
@2025:12:27 01:15:27 INFO  org.hibernate.Version - HHH000412: Hibernate ORM core version [WORKING]
@2025:12:27 01:15:28 INFO  org.springframework.orm.jpa.persistenceunit.SpringPersistenceUnitInfo - No LoadTimeWeaver setup: ignoring JPA class transformer
@2025:12:27 01:15:28 WARN  org.hibernate.orm.deprecation - HHH90000025: PostgreSQLDialect does not need to be specified explicitly using 'hibernate.dialect' (remove the property setting and it will be selected by default)
@2025:12:27 01:15:28 INFO  org.hibernate.orm.connections.pooling - HHH10001005: Database info:
	Database JDBC URL [jdbc:postgresql://localhost:5432/shop]
	Database driver: PostgreSQL JDBC Driver
	Database version: 14.18
	Autocommit mode: undefined/unknown
	Isolation level: READ_COMMITTED [default READ_COMMITTED]
	Pool: DatasourceConnectionProviderImpl
	Minimum pool size: undefined/unknown
	Maximum pool size: undefined/unknown
@2025:12:27 01:15:30 INFO  org.hibernate.engine.transaction.jta.platform.internal.JtaPlatformInitiator - HHH000489: No JTA platform available (set 'hibernate.transaction.jta.platform' to enable JTA platform integration)
@2025:12:27 01:15:30 INFO  org.springframework.orm.jpa.LocalContainerEntityManagerFactoryBean - Initialized JPA EntityManagerFactory for persistence unit 'default'
@2025:12:27 01:15:31 INFO  org.springframework.security.config.annotation.authentication.configuration.InitializeUserDetailsBeanManagerConfigurer$InitializeUserDetailsManagerConfigurer - Global AuthenticationManager configured with UserDetailsService bean with name customUserDetailsService
@2025:12:27 01:15:31 INFO  org.springframework.data.jpa.repository.query.QueryEnhancerFactory - Hibernate is in classpath; If applicable, HQL parser will be used.
@2025:12:27 01:15:32 INFO  org.flywaydb.core.FlywayExecutor - Database: jdbc:postgresql://localhost:5432/shop (PostgreSQL 14.18)
@2025:12:27 01:15:32 INFO  org.flywaydb.core.internal.command.DbValidate - Successfully validated 3 migrations (execution time 00:00.034s)
@2025:12:27 01:15:32 INFO  org.flywaydb.core.internal.command.DbMigrate - Current version of schema "public": 1.1759429398
@2025:12:27 01:15:32 ERROR org.flywaydb.core.internal.command.DbMigrate - Schema "public" has version 1.1759429398, but no migration could be resolved in the configured locations !
@2025:12:27 01:15:32 INFO  org.flywaydb.core.internal.command.DbMigrate - Schema "public" is up to date. No migration necessary.
@2025:12:27 01:15:33 INFO  org.springframework.web.servlet.DispatcherServlet - Completed initialization in 7331 ms
@2025:12:27 01:15:33 INFO  org.eclipse.jetty.server.handler.ContextHandler - Started o.e.j.s.ServletContextHandler@a824f87{/,null,AVAILABLE}
@2025:12:27 01:15:33 INFO  org.eclipse.jetty.server.AbstractConnector - Started ServerConnector@419c5f1a{HTTP/1.1, (http/1.1)}{0.0.0.0:8080}
@2025:12:27 01:15:33 INFO  org.eclipse.jetty.server.Server - Started Server@7bedc48a{STARTING}[11.0.26,sto=0] @8445ms
