@2025:12:25 00:41:31 INFO  org.springframework.data.repository.config.RepositoryConfigurationDelegate - Bootstrapping Spring Data JPA repositories in DEFAULT mode.
@2025:12:25 00:41:31 INFO  org.springframework.data.repository.config.RepositoryConfigurationDelegate - Finished Spring Data repository scanning in 70 ms. Found 3 JPA repository interfaces.
@2025:12:25 00:41:33 INFO  org.hibernate.jpa.internal.util.LogHelper - HHH000204: Processing PersistenceUnitInfo [name: default]
@2025:12:25 00:41:33 INFO  org.hibernate.Version - HHH000412: Hibernate ORM core version 7.0.0.Final
@2025:12:25 00:41:34 INFO  org.springframework.orm.jpa.persistenceunit.SpringPersistenceUnitInfo - No LoadTimeWeaver setup: ignoring JPA class transformer
@2025:12:25 00:41:34 WARN  org.hibernate.orm.deprecation - HHH90000025: PostgreSQLDialect does not need to be specified explicitly using 'hibernate.dialect' (remove the property setting and it will be selected by default)
@2025:12:25 00:41:34 INFO  org.hibernate.orm.connections.pooling - HHH10001005: Database info:
	Database JDBC URL [jdbc:postgresql://localhost:5432/shop]
	Database driver: PostgreSQL JDBC Driver
	Database version: 14.18
	Autocommit mode: undefined/unknown
	Isolation level: READ_COMMITTED [default READ_COMMITTED]
	Pool: DatasourceConnectionProviderImpl
	Minimum pool size: undefined/unknown
	Maximum pool size: undefined/unknown
@2025:12:25 00:41:36 INFO  org.hibernate.engine.transaction.jta.platform.internal.JtaPlatformInitiator - HHH000489: No JTA platform available (set 'hibernate.transaction.jta.platform' to enable JTA platform integration)
@2025:12:25 00:41:36 INFO  org.springframework.orm.jpa.LocalContainerEntityManagerFactoryBean - Initialized JPA EntityManagerFactory for persistence unit 'default'
@2025:12:25 00:41:36 INFO  org.springframework.data.jpa.repository.query.QueryEnhancerFactory - Hibernate is in classpath; If applicable, HQL parser will be used.
@2025:12:25 00:41:38 INFO  org.flywaydb.core.internal.resource.ResourceNameValidator - 3 SQL migrations were detected but not run because they did not follow the filename convention.
@2025:12:25 00:41:38 INFO  org.flywaydb.core.internal.resource.ResourceNameValidator - Set 'validateMigrationNaming' to true to fail fast and see a list of the invalid file names.
@2025:12:25 00:41:38 INFO  org.flywaydb.core.FlywayExecutor - Database: jdbc:postgresql://localhost:5432/shop (PostgreSQL 14.18)
@2025:12:25 00:41:38 INFO  org.flywaydb.core.internal.command.DbValidate - Successfully validated 3 migrations (execution time 00:00.037s)
@2025:12:25 00:41:38 INFO  org.flywaydb.core.internal.command.DbMigrate - Current version of schema "public": 1.1759429398
@2025:12:25 00:41:38 ERROR org.flywaydb.core.internal.command.DbMigrate - Schema "public" has version 1.1759429398, but no migration could be resolved in the configured locations !
@2025:12:25 00:41:38 INFO  org.flywaydb.core.internal.command.DbMigrate - Schema "public" is up to date. No migration necessary.
@2025:12:25 00:41:38 INFO  org.springframework.orm.jpa.LocalContainerEntityManagerFactoryBean - Closing JPA EntityManagerFactory for persistence unit 'default'
@2025:12:25 02:09:08 INFO  org.springframework.data.repository.config.RepositoryConfigurationDelegate - Bootstrapping Spring Data JPA repositories in DEFAULT mode.
@2025:12:25 02:09:08 INFO  org.springframework.data.repository.config.RepositoryConfigurationDelegate - Finished Spring Data repository scanning in 99 ms. Found 3 JPA repository interfaces.
@2025:12:25 02:09:11 INFO  org.hibernate.jpa.internal.util.LogHelper - HHH000204: Processing PersistenceUnitInfo [name: default]
@2025:12:25 02:09:11 INFO  org.hibernate.Version - HHH000412: Hibernate ORM core version 7.0.0.Final
@2025:12:25 02:09:11 INFO  org.springframework.orm.jpa.persistenceunit.SpringPersistenceUnitInfo - No LoadTimeWeaver setup: ignoring JPA class transformer
@2025:12:25 02:09:13 WARN  org.hibernate.orm.deprecation - HHH90000025: PostgreSQLDialect does not need to be specified explicitly using 'hibernate.dialect' (remove the property setting and it will be selected by default)
@2025:12:25 02:09:13 INFO  org.hibernate.orm.connections.pooling - HHH10001005: Database info:
	Database JDBC URL [jdbc:postgresql://localhost:5432/shop]
	Database driver: PostgreSQL JDBC Driver
	Database version: 14.18
	Autocommit mode: undefined/unknown
	Isolation level: READ_COMMITTED [default READ_COMMITTED]
	Pool: DatasourceConnectionProviderImpl
	Minimum pool size: undefined/unknown
	Maximum pool size: undefined/unknown
@2025:12:25 02:09:16 INFO  org.hibernate.engine.transaction.jta.platform.internal.JtaPlatformInitiator - HHH000489: No JTA platform available (set 'hibernate.transaction.jta.platform' to enable JTA platform integration)
@2025:12:25 02:09:16 INFO  org.springframework.orm.jpa.LocalContainerEntityManagerFactoryBean - Initialized JPA EntityManagerFactory for persistence unit 'default'
@2025:12:25 02:09:17 INFO  org.springframework.data.jpa.repository.query.QueryEnhancerFactory - Hibernate is in classpath; If applicable, HQL parser will be used.
@2025:12:25 02:09:18 INFO  org.flywaydb.core.internal.resource.ResourceNameValidator - 3 SQL migrations were detected but not run because they did not follow the filename convention.
@2025:12:25 02:09:18 INFO  org.flywaydb.core.internal.resource.ResourceNameValidator - Set 'validateMigrationNaming' to true to fail fast and see a list of the invalid file names.
@2025:12:25 02:09:18 INFO  org.flywaydb.core.FlywayExecutor - Database: jdbc:postgresql://localhost:5432/shop (PostgreSQL 14.18)
@2025:12:25 02:09:18 INFO  org.flywaydb.core.internal.command.DbValidate - Successfully validated 3 migrations (execution time 00:00.047s)
@2025:12:25 02:09:19 INFO  org.flywaydb.core.internal.command.DbMigrate - Current version of schema "public": 1.1759429398
@2025:12:25 02:09:19 ERROR org.flywaydb.core.internal.command.DbMigrate - Schema "public" has version 1.1759429398, but no migration could be resolved in the configured locations !
@2025:12:25 02:09:19 INFO  org.flywaydb.core.internal.command.DbMigrate - Schema "public" is up to date. No migration necessary.
@2025:12:25 02:09:19 INFO  org.springframework.orm.jpa.LocalContainerEntityManagerFactoryBean - Closing JPA EntityManagerFactory for persistence unit 'default'
